<?xml version="1.0" encoding="UTF-8" ?>
<testsuite tests="1" failures="0" name="com.dao.test.DaoTest" time="2.03" errors="0" skipped="0">
  <properties>
    <property name="idea.version" value="2017.3.7"/>
    <property name="java.runtime.name" value="Java(TM) SE Runtime Environment"/>
    <property name="sun.boot.library.path" value="D:\Home\Study\Program\JAVA\JDK1.8\jre\bin"/>
    <property name="java.vm.version" value="25.162-b12"/>
    <property name="java.vm.vendor" value="Oracle Corporation"/>
    <property name="maven.multiModuleProjectDirectory" value="D:\bishe\NeighborSystem"/>
    <property name="java.vendor.url" value="http://java.oracle.com/"/>
    <property name="path.separator" value=";"/>
    <property name="guice.disable.misplaced.annotation.check" value="true"/>
    <property name="java.vm.name" value="Java HotSpot(TM) 64-Bit Server VM"/>
    <property name="file.encoding.pkg" value="sun.io"/>
    <property name="user.script" value=""/>
    <property name="user.country" value="CN"/>
    <property name="sun.java.launcher" value="SUN_STANDARD"/>
    <property name="sun.os.patch.level" value=""/>
    <property name="java.vm.specification.name" value="Java Virtual Machine Specification"/>
    <property name="user.dir" value="D:\bishe\NeighborSystem"/>
    <property name="java.runtime.version" value="1.8.0_162-b12"/>
    <property name="java.awt.graphicsenv" value="sun.awt.Win32GraphicsEnvironment"/>
    <property name="java.endorsed.dirs" value="D:\Home\Study\Program\JAVA\JDK1.8\jre\lib\endorsed"/>
    <property name="os.arch" value="amd64"/>
    <property name="java.io.tmpdir" value="C:\Users\Feng\AppData\Local\Temp\"/>
    <property name="line.separator" value="
"/>
    <property name="java.vm.specification.vendor" value="Oracle Corporation"/>
    <property name="user.variant" value=""/>
    <property name="os.name" value="Windows 10"/>
    <property name="archetypeCatalog" value="internal"/>
    <property name="classworlds.conf" value="D:\Home\Study\Program\JAVA\apache-maven-3.5.2\bin\m2.conf"/>
    <property name="sun.jnu.encoding" value="GBK"/>
    <property name="java.library.path" value="D:\Home\Study\Program\JAVA\JDK1.8\bin;C:\WINDOWS\Sun\Java\bin;C:\WINDOWS\system32;C:\WINDOWS;D:\Home\Study\Program\JAVA\JDK1.8\bin;C:\ProgramData\Oracle\Java\javapath;D:\Home\Study\Program\JAVA\Mysql\bin;D:\Home\Study\Python\Python36\Scripts\;D:\Home\Study\Python\Python36\;C:\WINDOWS\system32;C:\WINDOWS;C:\WINDOWS\System32\Wbem;C:\WINDOWS\System32\WindowsPowerShell\v1.0\;C:\WINDOWS\System32\OpenSSH\;&quot;D:\Home\Study\Program\JAVA\JDK1.8\bin;D:\Home\Study\Program\JAVA\JDK1.8\jre\bin&quot;;D:\Home\Study\Matlab\runtime\win64;D:\Home\Study\Matlab\bin;C:\Program Files\Intel\WiFi\bin\;C:\Program Files\Common Files\Intel\WirelessCommon\;D:\Home\Study\Program\JAVA\MySQL5.5\bin;D:\Home\Study\Program\JAVA\MySQL\bin;D:\Home\Study\Git\cmd;D:\Home\Study\Program\JAVA\apache-maven-3.5.2\bin;D:\Home\Study\Program\JAVA\svn\bin;D:\Home\Study\Program\JAVA\TortoisesSVN\bin;C:\Users\Feng\AppData\Local\Microsoft\WindowsApps;;."/>
    <property name="maven.conf" value="D:\Home\Study\Program\JAVA\apache-maven-3.5.2/conf"/>
    <property name="java.specification.name" value="Java Platform API Specification"/>
    <property name="java.class.version" value="52.0"/>
    <property name="sun.management.compiler" value="HotSpot 64-Bit Tiered Compilers"/>
    <property name="os.version" value="10.0"/>
    <property name="user.home" value="C:\Users\Feng"/>
    <property name="user.timezone" value="Asia/Shanghai"/>
    <property name="java.awt.printerjob" value="sun.awt.windows.WPrinterJob"/>
    <property name="java.specification.version" value="1.8"/>
    <property name="file.encoding" value="UTF-8"/>
    <property name="user.name" value="Feng"/>
    <property name="java.class.path" value="D:\Home\Study\Program\JAVA\apache-maven-3.5.2\boot\plexus-classworlds-2.5.2.jar;D:\Home\Study\Program\JAVA\IntelliJ IDEA 2017.3.7\lib\idea_rt.jar"/>
    <property name="java.vm.specification.version" value="1.8"/>
    <property name="sun.arch.data.model" value="64"/>
    <property name="java.home" value="D:\Home\Study\Program\JAVA\JDK1.8\jre"/>
    <property name="sun.java.command" value="org.codehaus.classworlds.Launcher -Didea.version=2017.3.7 -s D:\Home\Study\Program\JAVA\apache-maven-3.5.2\conf\settings.xml install"/>
    <property name="java.specification.vendor" value="Oracle Corporation"/>
    <property name="user.language" value="zh"/>
    <property name="awt.toolkit" value="sun.awt.windows.WToolkit"/>
    <property name="java.vm.info" value="mixed mode"/>
    <property name="java.version" value="1.8.0_162"/>
    <property name="java.ext.dirs" value="D:\Home\Study\Program\JAVA\JDK1.8\jre\lib\ext;C:\WINDOWS\Sun\Java\lib\ext"/>
    <property name="sun.boot.class.path" value="D:\Home\Study\Program\JAVA\JDK1.8\jre\lib\resources.jar;D:\Home\Study\Program\JAVA\JDK1.8\jre\lib\rt.jar;D:\Home\Study\Program\JAVA\JDK1.8\jre\lib\sunrsasign.jar;D:\Home\Study\Program\JAVA\JDK1.8\jre\lib\jsse.jar;D:\Home\Study\Program\JAVA\JDK1.8\jre\lib\jce.jar;D:\Home\Study\Program\JAVA\JDK1.8\jre\lib\charsets.jar;D:\Home\Study\Program\JAVA\JDK1.8\jre\lib\jfr.jar;D:\Home\Study\Program\JAVA\JDK1.8\jre\classes"/>
    <property name="java.vendor" value="Oracle Corporation"/>
    <property name="maven.home" value="D:\Home\Study\Program\JAVA\apache-maven-3.5.2"/>
    <property name="file.separator" value="\"/>
    <property name="java.vendor.url.bug" value="http://bugreport.sun.com/bugreport/"/>
    <property name="sun.cpu.endian" value="little"/>
    <property name="sun.io.unicode.encoding" value="UnicodeLittle"/>
    <property name="sun.desktop" value="windows"/>
    <property name="sun.cpu.isalist" value="amd64"/>
  </properties>
  <testcase classname="com.dao.test.DaoTest" name="testFindAllBaseData" time="2.03"/>
</testsuite>